<?xml version="1.0" encoding="UTF-8"?>
<!-- Generated by org.testng.reporters.JUnitReportReporter -->
<testsuite hostname="Essam93" failures="0" tests="1" name="Registration_Login.Test_1" time="9.022" errors="0" timestamp="2021-03-10T02:48:35 EET" skipped="0">
  <testcase classname="Registration_Login.Test_1" name="test1" time="9.022"/>
  <system-out/>
</testsuite> <!-- Registration_Login.Test_1 -->
