<?xml version="1.0" encoding="UTF-8"?>
<!-- Generated by org.testng.reporters.JUnitReportReporter -->
<testsuite hostname="Essam93" failures="0" tests="1" name="Registration_Cart_Checkout.cart" time="11.641" errors="0" timestamp="2021-03-11T03:00:48 EET" skipped="0">
  <testcase classname="Registration_Cart_Checkout.cart" name="Additems" time="11.641"/>
  <system-out/>
</testsuite> <!-- Registration_Cart_Checkout.cart -->
