<?xml version="1.0" encoding="UTF-8"?>
<!-- Generated by org.testng.reporters.JUnitReportReporter -->
<testsuite hostname="Essam93" failures="0" tests="2" name="Registration_Login.TC_login_01" time="6.729" errors="0" timestamp="2021-03-10T21:38:10 EET" skipped="0">
  <testcase classname="Registration_Login.TC_login_01" name="Signbtn_Check" time="2.483"/>
  <system-out/>
  <testcase classname="Registration_Login.TC_login_01" name="Account_Registration" time="4.246"/>
  <system-out/>
</testsuite> <!-- Registration_Login.TC_login_01 -->
